2025-02-12 20:00:11.2980 - get_flat_list(<__main__.NewFlatIterator object at 0x0000019260727E00>, ['a']) -> ['a']
2025-02-12 20:00:11.2989 - get_flat_list(<__main__.NewFlatIterator object at 0x0000019260727E00>, ['b', 'c']) -> ['b', 'c']
2025-02-12 20:00:11.2980 - get_flat_list(<__main__.NewFlatIterator object at 0x0000019260727E00>, [['a'], ['b', 'c']]) -> ['a', 'b', 'c']
2025-02-12 20:00:11.2994 - get_flat_list(<__main__.NewFlatIterator object at 0x0000019260727E00>, ['f']) -> ['f']
2025-02-12 20:00:11.2993 - get_flat_list(<__main__.NewFlatIterator object at 0x0000019260727E00>, [['f'], 'h']) -> ['f', 'h']
2025-02-12 20:00:11.2993 - get_flat_list(<__main__.NewFlatIterator object at 0x0000019260727E00>, ['d', 'e', [['f'], 'h'], False]) -> ['d', 'e', 'f', 'h', False]
2025-02-12 20:00:11.3000 - get_flat_list(<__main__.NewFlatIterator object at 0x0000019260727E00>, ['!']) -> ['!']
2025-02-12 20:00:11.3000 - get_flat_list(<__main__.NewFlatIterator object at 0x0000019260727E00>, [['!']]) -> ['!']
2025-02-12 20:00:11.3000 - get_flat_list(<__main__.NewFlatIterator object at 0x0000019260727E00>, [[['!']]]) -> ['!']
2025-02-12 20:00:11.3000 - get_flat_list(<__main__.NewFlatIterator object at 0x0000019260727E00>, [[[['!']]]]) -> ['!']
2025-02-12 20:00:11.3000 - get_flat_list(<__main__.NewFlatIterator object at 0x0000019260727E00>, [[[[['!']]]]]) -> ['!']
2025-02-12 20:00:11.3011 - get_flat_list(<__main__.NewFlatIterator object at 0x0000019260727E00>, []) -> []
2025-02-12 20:00:11.3000 - get_flat_list(<__main__.NewFlatIterator object at 0x0000019260727E00>, [1, 2, None, [[[[['!']]]]], []]) -> [1, 2, None, '!']
2025-02-12 20:00:11.2979 - get_flat_list(<__main__.NewFlatIterator object at 0x0000019260727E00>, [[['a'], ['b', 'c']], ['d', 'e', [['f'], 'h'], False], [1, 2, None, [[[[['!']]]]], []]]) -> ['a', 'b', 'c', 'd', 'e', 'f', 'h', False, 1, 2, None, '!']
2025-02-12 20:00:11.3020 - get_flat_list(<__main__.NewFlatIterator object at 0x00000192609A7250>, ['a']) -> ['a']
2025-02-12 20:00:11.3022 - get_flat_list(<__main__.NewFlatIterator object at 0x00000192609A7250>, ['b', 'c']) -> ['b', 'c']
2025-02-12 20:00:11.3020 - get_flat_list(<__main__.NewFlatIterator object at 0x00000192609A7250>, [['a'], ['b', 'c']]) -> ['a', 'b', 'c']
2025-02-12 20:00:11.3026 - get_flat_list(<__main__.NewFlatIterator object at 0x00000192609A7250>, ['f']) -> ['f']
2025-02-12 20:00:11.3026 - get_flat_list(<__main__.NewFlatIterator object at 0x00000192609A7250>, [['f'], 'h']) -> ['f', 'h']
2025-02-12 20:00:11.3026 - get_flat_list(<__main__.NewFlatIterator object at 0x00000192609A7250>, ['d', 'e', [['f'], 'h'], False]) -> ['d', 'e', 'f', 'h', False]
2025-02-12 20:00:11.3033 - get_flat_list(<__main__.NewFlatIterator object at 0x00000192609A7250>, ['!']) -> ['!']
2025-02-12 20:00:11.3033 - get_flat_list(<__main__.NewFlatIterator object at 0x00000192609A7250>, [['!']]) -> ['!']
2025-02-12 20:00:11.3032 - get_flat_list(<__main__.NewFlatIterator object at 0x00000192609A7250>, [[['!']]]) -> ['!']
2025-02-12 20:00:11.3032 - get_flat_list(<__main__.NewFlatIterator object at 0x00000192609A7250>, [[[['!']]]]) -> ['!']
2025-02-12 20:00:11.3032 - get_flat_list(<__main__.NewFlatIterator object at 0x00000192609A7250>, [[[[['!']]]]]) -> ['!']
2025-02-12 20:00:11.3045 - get_flat_list(<__main__.NewFlatIterator object at 0x00000192609A7250>, []) -> []
2025-02-12 20:00:11.3032 - get_flat_list(<__main__.NewFlatIterator object at 0x00000192609A7250>, [1, 2, None, [[[[['!']]]]], []]) -> [1, 2, None, '!']
2025-02-12 20:00:11.3019 - get_flat_list(<__main__.NewFlatIterator object at 0x00000192609A7250>, [[['a'], ['b', 'c']], ['d', 'e', [['f'], 'h'], False], [1, 2, None, [[[[['!']]]]], []]]) -> ['a', 'b', 'c', 'd', 'e', 'f', 'h', False, 1, 2, None, '!']
2025-02-12 20:00:11.3052 - get_flat_list(<__main__.NewFlatIterator object at 0x00000192609A7250>, ['a']) -> ['a']
2025-02-12 20:00:11.3053 - get_flat_list(<__main__.NewFlatIterator object at 0x00000192609A7250>, ['b', 'c']) -> ['b', 'c']
2025-02-12 20:00:11.3052 - get_flat_list(<__main__.NewFlatIterator object at 0x00000192609A7250>, [['a'], ['b', 'c']]) -> ['a', 'b', 'c']
2025-02-12 20:00:11.3057 - get_flat_list(<__main__.NewFlatIterator object at 0x00000192609A7250>, ['f']) -> ['f']
2025-02-12 20:00:11.3057 - get_flat_list(<__main__.NewFlatIterator object at 0x00000192609A7250>, [['f'], 'h']) -> ['f', 'h']
2025-02-12 20:00:11.3057 - get_flat_list(<__main__.NewFlatIterator object at 0x00000192609A7250>, ['d', 'e', [['f'], 'h'], False]) -> ['d', 'e', 'f', 'h', False]
2025-02-12 20:00:11.3063 - get_flat_list(<__main__.NewFlatIterator object at 0x00000192609A7250>, ['!']) -> ['!']
2025-02-12 20:00:11.3063 - get_flat_list(<__main__.NewFlatIterator object at 0x00000192609A7250>, [['!']]) -> ['!']
2025-02-12 20:00:11.3063 - get_flat_list(<__main__.NewFlatIterator object at 0x00000192609A7250>, [[['!']]]) -> ['!']
2025-02-12 20:00:11.3063 - get_flat_list(<__main__.NewFlatIterator object at 0x00000192609A7250>, [[[['!']]]]) -> ['!']
2025-02-12 20:00:11.3062 - get_flat_list(<__main__.NewFlatIterator object at 0x00000192609A7250>, [[[[['!']]]]]) -> ['!']
2025-02-12 20:00:11.3073 - get_flat_list(<__main__.NewFlatIterator object at 0x00000192609A7250>, []) -> []
2025-02-12 20:00:11.3062 - get_flat_list(<__main__.NewFlatIterator object at 0x00000192609A7250>, [1, 2, None, [[[[['!']]]]], []]) -> [1, 2, None, '!']
2025-02-12 20:00:11.3051 - get_flat_list(<__main__.NewFlatIterator object at 0x00000192609A7250>, [[['a'], ['b', 'c']], ['d', 'e', [['f'], 'h'], False], [1, 2, None, [[[[['!']]]]], []]]) -> ['a', 'b', 'c', 'd', 'e', 'f', 'h', False, 1, 2, None, '!']
2025-02-12 20:00:11.5025 - get_flat_list(<__main__.NewFlatIterator object at 0x000001C361257E00>, ['a']) -> ['a']
2025-02-12 20:00:11.5035 - get_flat_list(<__main__.NewFlatIterator object at 0x000001C361257E00>, ['b', 'c']) -> ['b', 'c']
2025-02-12 20:00:11.5025 - get_flat_list(<__main__.NewFlatIterator object at 0x000001C361257E00>, [['a'], ['b', 'c']]) -> ['a', 'b', 'c']
2025-02-12 20:00:11.5039 - get_flat_list(<__main__.NewFlatIterator object at 0x000001C361257E00>, ['f']) -> ['f']
2025-02-12 20:00:11.5039 - get_flat_list(<__main__.NewFlatIterator object at 0x000001C361257E00>, [['f'], 'h']) -> ['f', 'h']
2025-02-12 20:00:11.5039 - get_flat_list(<__main__.NewFlatIterator object at 0x000001C361257E00>, ['d', 'e', [['f'], 'h'], False]) -> ['d', 'e', 'f', 'h', False]
2025-02-12 20:00:11.5045 - get_flat_list(<__main__.NewFlatIterator object at 0x000001C361257E00>, ['!']) -> ['!']
2025-02-12 20:00:11.5044 - get_flat_list(<__main__.NewFlatIterator object at 0x000001C361257E00>, [['!']]) -> ['!']
2025-02-12 20:00:11.5044 - get_flat_list(<__main__.NewFlatIterator object at 0x000001C361257E00>, [[['!']]]) -> ['!']
2025-02-12 20:00:11.5044 - get_flat_list(<__main__.NewFlatIterator object at 0x000001C361257E00>, [[[['!']]]]) -> ['!']
2025-02-12 20:00:11.5044 - get_flat_list(<__main__.NewFlatIterator object at 0x000001C361257E00>, [[[[['!']]]]]) -> ['!']
2025-02-12 20:00:11.5053 - get_flat_list(<__main__.NewFlatIterator object at 0x000001C361257E00>, []) -> []
2025-02-12 20:00:11.5044 - get_flat_list(<__main__.NewFlatIterator object at 0x000001C361257E00>, [1, 2, None, [[[[['!']]]]], []]) -> [1, 2, None, '!']
2025-02-12 20:00:11.5024 - get_flat_list(<__main__.NewFlatIterator object at 0x000001C361257E00>, [[['a'], ['b', 'c']], ['d', 'e', [['f'], 'h'], False], [1, 2, None, [[[[['!']]]]], []]]) -> ['a', 'b', 'c', 'd', 'e', 'f', 'h', False, 1, 2, None, '!']
2025-02-12 20:00:11.5060 - get_flat_list(<__main__.NewFlatIterator object at 0x000001C361547250>, ['a']) -> ['a']
2025-02-12 20:00:11.5061 - get_flat_list(<__main__.NewFlatIterator object at 0x000001C361547250>, ['b', 'c']) -> ['b', 'c']
2025-02-12 20:00:11.5059 - get_flat_list(<__main__.NewFlatIterator object at 0x000001C361547250>, [['a'], ['b', 'c']]) -> ['a', 'b', 'c']
2025-02-12 20:00:11.5065 - get_flat_list(<__main__.NewFlatIterator object at 0x000001C361547250>, ['f']) -> ['f']
2025-02-12 20:00:11.5065 - get_flat_list(<__main__.NewFlatIterator object at 0x000001C361547250>, [['f'], 'h']) -> ['f', 'h']
2025-02-12 20:00:11.5065 - get_flat_list(<__main__.NewFlatIterator object at 0x000001C361547250>, ['d', 'e', [['f'], 'h'], False]) -> ['d', 'e', 'f', 'h', False]
2025-02-12 20:00:11.5071 - get_flat_list(<__main__.NewFlatIterator object at 0x000001C361547250>, ['!']) -> ['!']
2025-02-12 20:00:11.5071 - get_flat_list(<__main__.NewFlatIterator object at 0x000001C361547250>, [['!']]) -> ['!']
2025-02-12 20:00:11.5071 - get_flat_list(<__main__.NewFlatIterator object at 0x000001C361547250>, [[['!']]]) -> ['!']
2025-02-12 20:00:11.5071 - get_flat_list(<__main__.NewFlatIterator object at 0x000001C361547250>, [[[['!']]]]) -> ['!']
2025-02-12 20:00:11.5071 - get_flat_list(<__main__.NewFlatIterator object at 0x000001C361547250>, [[[[['!']]]]]) -> ['!']
2025-02-12 20:00:11.5082 - get_flat_list(<__main__.NewFlatIterator object at 0x000001C361547250>, []) -> []
2025-02-12 20:00:11.5071 - get_flat_list(<__main__.NewFlatIterator object at 0x000001C361547250>, [1, 2, None, [[[[['!']]]]], []]) -> [1, 2, None, '!']
2025-02-12 20:00:11.5059 - get_flat_list(<__main__.NewFlatIterator object at 0x000001C361547250>, [[['a'], ['b', 'c']], ['d', 'e', [['f'], 'h'], False], [1, 2, None, [[[[['!']]]]], []]]) -> ['a', 'b', 'c', 'd', 'e', 'f', 'h', False, 1, 2, None, '!']
2025-02-12 20:00:11.5092 - get_flat_list(<__main__.NewFlatIterator object at 0x000001C361547250>, ['a']) -> ['a']
2025-02-12 20:00:11.5095 - get_flat_list(<__main__.NewFlatIterator object at 0x000001C361547250>, ['b', 'c']) -> ['b', 'c']
2025-02-12 20:00:11.5092 - get_flat_list(<__main__.NewFlatIterator object at 0x000001C361547250>, [['a'], ['b', 'c']]) -> ['a', 'b', 'c']
2025-02-12 20:00:11.5100 - get_flat_list(<__main__.NewFlatIterator object at 0x000001C361547250>, ['f']) -> ['f']
2025-02-12 20:00:11.5099 - get_flat_list(<__main__.NewFlatIterator object at 0x000001C361547250>, [['f'], 'h']) -> ['f', 'h']
2025-02-12 20:00:11.5099 - get_flat_list(<__main__.NewFlatIterator object at 0x000001C361547250>, ['d', 'e', [['f'], 'h'], False]) -> ['d', 'e', 'f', 'h', False]
2025-02-12 20:00:11.5109 - get_flat_list(<__main__.NewFlatIterator object at 0x000001C361547250>, ['!']) -> ['!']
2025-02-12 20:00:11.5109 - get_flat_list(<__main__.NewFlatIterator object at 0x000001C361547250>, [['!']]) -> ['!']
2025-02-12 20:00:11.5109 - get_flat_list(<__main__.NewFlatIterator object at 0x000001C361547250>, [[['!']]]) -> ['!']
2025-02-12 20:00:11.5109 - get_flat_list(<__main__.NewFlatIterator object at 0x000001C361547250>, [[[['!']]]]) -> ['!']
2025-02-12 20:00:11.5109 - get_flat_list(<__main__.NewFlatIterator object at 0x000001C361547250>, [[[[['!']]]]]) -> ['!']
2025-02-12 20:00:11.5118 - get_flat_list(<__main__.NewFlatIterator object at 0x000001C361547250>, []) -> []
2025-02-12 20:00:11.5108 - get_flat_list(<__main__.NewFlatIterator object at 0x000001C361547250>, [1, 2, None, [[[[['!']]]]], []]) -> [1, 2, None, '!']
2025-02-12 20:00:11.5091 - get_flat_list(<__main__.NewFlatIterator object at 0x000001C361547250>, [[['a'], ['b', 'c']], ['d', 'e', [['f'], 'h'], False], [1, 2, None, [[[[['!']]]]], []]]) -> ['a', 'b', 'c', 'd', 'e', 'f', 'h', False, 1, 2, None, '!']
